<?xml version="1.0" encoding="UTF-8"?>
<!-- Generated by org.testng.reporters.JUnitReportReporter -->
<testsuite skipped="0" hostname="KISHAN" name="com.herokuapp.sw.testsuite.LoginPageTest" tests="1" failures="0" timestamp="2022-12-11T22:00:41 GMT" time="7.604" errors="0">
  <testcase name="verifyTheUsernameErrorMessage" time="7.604" classname="com.herokuapp.sw.testsuite.LoginPageTest"/>
  <system-out>
    <![CDATA[Enter email tomsmith1to email field[[ChromeDriver: chrome on WINDOWS (c83804f31c07293a327861b9ddd3ac1e)] -> xpath: //input[@id='username']]
Enter passwordSuperSecretPassword!to password field[[ChromeDriver: chrome on WINDOWS (c83804f31c07293a327861b9ddd3ac1e)] -> xpath: //input[@id='password']]
click on loging button[[ChromeDriver: chrome on WINDOWS (c83804f31c07293a327861b9ddd3ac1e)] -> xpath: //i[normalize-space()='Login']]]]>
  </system-out>
</testsuite> <!-- com.herokuapp.sw.testsuite.LoginPageTest -->
